This file contains any messages produced by compilers while
running configure, to aid debugging if configure makes a mistake.

It was created by ArrayUDF configure 0.0.1, which was
generated by GNU Autoconf 2.69.  Invocation command line was

  $ ./configure --prefix=/Users/dbin/work/arrayudf-git-svn-test-on-bitbucket/build --with-hdf5=/Users/dbin/work/soft/hdf5-1.10.3/build/ CC=/Users/dbin/work/soft/mpich-3.2/build/bin/mpicc CXX=/Users/dbin/work/soft/mpich-3.2/build/bin/mpic++

## --------- ##
## Platform. ##
## --------- ##

hostname = dbinMac
uname -m = x86_64
uname -r = 15.6.0
uname -s = Darwin
uname -v = Darwin Kernel Version 15.6.0: Thu Jun 21 20:07:40 PDT 2018; root:xnu-3248.73.11~1/RELEASE_X86_64

/usr/bin/uname -p = i386
/bin/uname -X     = unknown

/bin/arch              = unknown
/usr/bin/arch -k       = unknown
/usr/convex/getsysinfo = unknown
/usr/bin/hostinfo      = Mach kernel version:
	 Darwin Kernel Version 15.6.0: Thu Jun 21 20:07:40 PDT 2018; root:xnu-3248.73.11~1/RELEASE_X86_64
Kernel configured for up to 8 processors.
4 processors are physically available.
8 processors are logically available.
Processor type: x86_64h (Intel x86-64h Haswell)
Processors active: 0 1 2 3 4 5 6 7
Primary memory available: 16.00 gigabytes
Default processor set: 248 tasks, 1124 threads, 8 processors
Load average: 2.64, Mach factor: 5.34
/bin/machine           = unknown
/usr/bin/oslevel       = unknown
/bin/universe          = unknown

PATH: /Users/dbin/bin/google-cloud-sdk/bin
PATH: //anaconda/bin
PATH: /opt/local/bin/
PATH: /Users/dbin/work/soft/hdf5-1.8.18/build/bin/
PATH: /Users/dbin/work/soft/mpich-3.2/build/bin
PATH: /Users/dbin/work/soft/swig-3.0.10/build/bin
PATH: /Library/Frameworks/Python.framework/Versions/2.7/bin/
PATH: /Library/Frameworks/Python.framework/Versions/2.7/bin
PATH: /Library/Frameworks/Python.framework/Versions/2.7/bin
PATH: /opt/local/bin
PATH: /opt/local/sbin
PATH: /Users/dbin/bin
PATH: /usr/local/bin
PATH: /usr/bin
PATH: /bin
PATH: /usr/sbin
PATH: /sbin
PATH: /opt/X11/bin
PATH: /Library/Frameworks/Mono.framework/Versions/Current/Commands
PATH: /Applications/Xamarin Workbooks.app/Contents/SharedSupport/path-bin


## ----------- ##
## Core tests. ##
## ----------- ##

configure:2491: checking for a BSD-compatible install
configure:2559: result: /usr/bin/install -c
configure:2570: checking whether build environment is sane
configure:2625: result: yes
configure:2776: checking for a thread-safe mkdir -p
configure:2815: result: ./install-sh -c -d
configure:2822: checking for gawk
configure:2852: result: no
configure:2822: checking for mawk
configure:2852: result: no
configure:2822: checking for nawk
configure:2852: result: no
configure:2822: checking for awk
configure:2838: found /usr/bin/awk
configure:2849: result: awk
configure:2860: checking whether make sets $(MAKE)
configure:2882: result: yes
configure:2911: checking whether make supports nested variables
configure:2928: result: yes
configure:3086: checking build system type
configure:3100: result: x86_64-apple-darwin15.6.0
configure:3120: checking host system type
configure:3133: result: x86_64-apple-darwin15.6.0
configure:3174: checking how to print strings
configure:3201: result: printf
configure:3226: checking whether make supports the include directive
configure:3241: make -f confmf.GNU && cat confinc.out
this is the am__doit target
configure:3244: $? = 0
configure:3263: result: yes (GNU style)
configure:3333: checking for gcc
configure:3360: result: /Users/dbin/work/soft/mpich-3.2/build/bin/mpicc
configure:3589: checking for C compiler version
configure:3598: /Users/dbin/work/soft/mpich-3.2/build/bin/mpicc --version >&5
gcc (MacPorts gcc49 4.9.4_3) 4.9.4
Copyright (C) 2015 Free Software Foundation, Inc.
This is free software; see the source for copying conditions.  There is NO
warranty; not even for MERCHANTABILITY or FITNESS FOR A PARTICULAR PURPOSE.

configure:3609: $? = 0
configure:3598: /Users/dbin/work/soft/mpich-3.2/build/bin/mpicc -v >&5
mpicc for MPICH version 3.2
Using built-in specs.
COLLECT_GCC=gcc
COLLECT_LTO_WRAPPER=/opt/local/libexec/gcc/x86_64-apple-darwin15/4.9.4/lto-wrapper
Target: x86_64-apple-darwin15
Configured with: /opt/local/var/macports/build/_opt_bblocal_var_buildworker_ports_build_ports_lang_gcc49/gcc49/work/gcc-4.9.4/configure --prefix=/opt/local --build=x86_64-apple-darwin15 --enable-languages=c,c++,objc,obj-c++,lto,fortran,java --libdir=/opt/local/lib/gcc49 --includedir=/opt/local/include/gcc49 --infodir=/opt/local/share/info --mandir=/opt/local/share/man --datarootdir=/opt/local/share/gcc-4.9 --with-local-prefix=/opt/local --with-system-zlib --disable-nls --program-suffix=-mp-4.9 --with-gxx-include-dir=/opt/local/include/gcc49/c++/ --with-gmp=/opt/local --with-mpfr=/opt/local --with-mpc=/opt/local --with-isl=/opt/local --disable-isl-version-check --with-cloog=/opt/local --disable-cloog-version-check --enable-stage1-checking --disable-multilib --enable-lto --enable-libstdcxx-time --with-build-config=bootstrap-debug --with-as=/opt/local/bin/as --with-ld=/opt/local/bin/ld --with-ar=/opt/local/bin/ar --with-bugurl=https://trac.macports.org/newticket --disable-tls --with-pkgversion='MacPorts gcc49 4.9.4_3' --with-build-config=bootstrap-debug
Thread model: posix
gcc version 4.9.4 (MacPorts gcc49 4.9.4_3) 
configure:3609: $? = 0
configure:3598: /Users/dbin/work/soft/mpich-3.2/build/bin/mpicc -V >&5
gcc: error: unrecognized command line option '-V'
configure:3609: $? = 1
configure:3598: /Users/dbin/work/soft/mpich-3.2/build/bin/mpicc -qversion >&5
gcc: error: unrecognized command line option '-qversion'
configure:3609: $? = 1
configure:3629: checking whether the C compiler works
configure:3651: /Users/dbin/work/soft/mpich-3.2/build/bin/mpicc    conftest.c  >&5
configure:3655: $? = 0
configure:3703: result: yes
configure:3706: checking for C compiler default output file name
configure:3708: result: a.out
configure:3714: checking for suffix of executables
configure:3721: /Users/dbin/work/soft/mpich-3.2/build/bin/mpicc -o conftest    conftest.c  >&5
configure:3725: $? = 0
configure:3747: result: 
configure:3769: checking whether we are cross compiling
configure:3777: /Users/dbin/work/soft/mpich-3.2/build/bin/mpicc -o conftest    conftest.c  >&5
configure:3781: $? = 0
configure:3788: ./conftest
configure:3792: $? = 0
configure:3807: result: no
configure:3812: checking for suffix of object files
configure:3834: /Users/dbin/work/soft/mpich-3.2/build/bin/mpicc -c   conftest.c >&5
configure:3838: $? = 0
configure:3859: result: o
configure:3863: checking whether we are using the GNU C compiler
configure:3882: /Users/dbin/work/soft/mpich-3.2/build/bin/mpicc -c   conftest.c >&5
configure:3882: $? = 0
configure:3891: result: yes
configure:3900: checking whether /Users/dbin/work/soft/mpich-3.2/build/bin/mpicc accepts -g
configure:3920: /Users/dbin/work/soft/mpich-3.2/build/bin/mpicc -c -g  conftest.c >&5
configure:3920: $? = 0
configure:3961: result: yes
configure:3978: checking for /Users/dbin/work/soft/mpich-3.2/build/bin/mpicc option to accept ISO C89
configure:4041: /Users/dbin/work/soft/mpich-3.2/build/bin/mpicc  -c -g -O2  conftest.c >&5
configure:4041: $? = 0
configure:4054: result: none needed
configure:4079: checking whether /Users/dbin/work/soft/mpich-3.2/build/bin/mpicc understands -c and -o together
configure:4101: /Users/dbin/work/soft/mpich-3.2/build/bin/mpicc -c conftest.c -o conftest2.o
configure:4104: $? = 0
configure:4101: /Users/dbin/work/soft/mpich-3.2/build/bin/mpicc -c conftest.c -o conftest2.o
configure:4104: $? = 0
configure:4116: result: yes
configure:4135: checking dependency style of /Users/dbin/work/soft/mpich-3.2/build/bin/mpicc
configure:4246: result: gcc3
configure:4261: checking for a sed that does not truncate output
configure:4325: result: /usr/bin/sed
configure:4343: checking for grep that handles long lines and -e
configure:4401: result: /usr/bin/grep
configure:4406: checking for egrep
configure:4468: result: /usr/bin/grep -E
configure:4473: checking for fgrep
configure:4535: result: /usr/bin/grep -F
configure:4570: checking for ld used by /Users/dbin/work/soft/mpich-3.2/build/bin/mpicc
configure:4637: result: /opt/local/bin/ld
configure:4644: checking if the linker (/opt/local/bin/ld) is GNU ld
configure:4659: result: no
configure:4671: checking for BSD- or MS-compatible name lister (nm)
configure:4725: result: /opt/local/bin//nm -B
configure:4855: checking the name lister (/opt/local/bin//nm -B) interface
configure:4862: /Users/dbin/work/soft/mpich-3.2/build/bin/mpicc -c -g -O2  conftest.c >&5
configure:4865: /opt/local/bin//nm -B "conftest.o"
configure:4868: output
00000000000001a4 S _some_variable
configure:4875: result: BSD nm
configure:4878: checking whether ln -s works
configure:4882: result: yes
configure:4890: checking the maximum length of command line arguments
configure:5021: result: 196608
configure:5069: checking how to convert x86_64-apple-darwin15.6.0 file names to x86_64-apple-darwin15.6.0 format
configure:5109: result: func_convert_file_noop
configure:5116: checking how to convert x86_64-apple-darwin15.6.0 file names to toolchain format
configure:5136: result: func_convert_file_noop
configure:5143: checking for /opt/local/bin/ld option to reload object files
configure:5150: result: -r
configure:5224: checking for objdump
configure:5254: result: no
configure:5283: checking how to recognize dependent libraries
configure:5483: result: pass_all
configure:5568: checking for dlltool
configure:5598: result: no
configure:5628: checking how to associate runtime and link libraries
configure:5655: result: printf %s\n
configure:5716: checking for ar
configure:5732: found /opt/local/bin//ar
configure:5743: result: ar
configure:5780: checking for archiver @FILE support
configure:5797: /Users/dbin/work/soft/mpich-3.2/build/bin/mpicc -c -g -O2  conftest.c >&5
configure:5797: $? = 0
configure:5800: ar cru libconftest.a @conftest.lst >&5
ar: @conftest.lst: No such file or directory
configure:5803: $? = 1
configure:5823: result: no
configure:5881: checking for strip
configure:5897: found /opt/local/bin//strip
configure:5908: result: strip
configure:5980: checking for ranlib
configure:5996: found /opt/local/bin//ranlib
configure:6007: result: ranlib
configure:6109: checking command to parse /opt/local/bin//nm -B output from /Users/dbin/work/soft/mpich-3.2/build/bin/mpicc object
configure:6262: /Users/dbin/work/soft/mpich-3.2/build/bin/mpicc -c -g -O2  conftest.c >&5
configure:6265: $? = 0
configure:6269: /opt/local/bin//nm -B conftest.o \| sed -n -e 's/^.*[ ]\([BCDEGRST][BCDEGRST]*\)[ ][ ]*\([_A-Za-z][_A-Za-z0-9]*\)$/\1 \2 \2/p' | sed '/ __gnu_lto/d' \> conftest.nm
configure:6272: $? = 0
cannot find nm_test_var in conftest.nm
configure:6262: /Users/dbin/work/soft/mpich-3.2/build/bin/mpicc -c -g -O2  conftest.c >&5
configure:6265: $? = 0
configure:6269: /opt/local/bin//nm -B conftest.o \| sed -n -e 's/^.*[ ]\([BCDEGRST][BCDEGRST]*\)[ ][ ]*_\([_A-Za-z][_A-Za-z0-9]*\)$/\1 _\2 \2/p' | sed '/ __gnu_lto/d' \> conftest.nm
configure:6272: $? = 0
configure:6338: /Users/dbin/work/soft/mpich-3.2/build/bin/mpicc -o conftest -g -O2   conftest.c conftstm.o >&5
warning: (x86_64)  could not find object file symbol for symbol _main
configure:6341: $? = 0
configure:6379: result: ok
configure:6426: checking for sysroot
configure:6456: result: no
configure:6463: checking for a working dd
configure:6501: result: /bin/dd
configure:6505: checking how to truncate binary pipes
configure:6520: result: /bin/dd bs=4096 count=1
configure:6849: checking for mt
configure:6879: result: no
configure:6899: checking if : is a manifest tool
configure:6905: : '-?'
configure:6913: result: no
configure:6969: checking for dsymutil
configure:6985: found /usr/bin/dsymutil
configure:6996: result: dsymutil
configure:7061: checking for nmedit
configure:7077: found /opt/local/bin//nmedit
configure:7088: result: nmedit
configure:7153: checking for lipo
configure:7169: found /opt/local/bin//lipo
configure:7180: result: lipo
configure:7245: checking for otool
configure:7261: found /opt/local/bin//otool
configure:7272: result: otool
configure:7337: checking for otool64
configure:7367: result: no
configure:7412: checking for -single_module linker flag
/Users/dbin/work/soft/mpich-3.2/build/bin/mpicc -g -O2  -o libconftest.dylib -dynamiclib -Wl,-single_module conftest.c
configure:7445: result: yes
configure:7448: checking for -exported_symbols_list linker flag
configure:7468: /Users/dbin/work/soft/mpich-3.2/build/bin/mpicc -o conftest -g -O2   -Wl,-exported_symbols_list,conftest.sym conftest.c  >&5
configure:7468: $? = 0
configure:7478: result: yes
configure:7481: checking for -force_load linker flag
/Users/dbin/work/soft/mpich-3.2/build/bin/mpicc -g -O2 -c -o conftest.o conftest.c
ar cru libconftest.a conftest.o
ranlib libconftest.a
/Users/dbin/work/soft/mpich-3.2/build/bin/mpicc -g -O2  -o conftest conftest.c -Wl,-force_load,./libconftest.a
configure:7513: result: yes
configure:7590: checking how to run the C preprocessor
configure:7621: /Users/dbin/work/soft/mpich-3.2/build/bin/mpicc -E  conftest.c
configure:7621: $? = 0
configure:7635: /Users/dbin/work/soft/mpich-3.2/build/bin/mpicc -E  conftest.c
conftest.c:11:28: fatal error: ac_nonexistent.h: No such file or directory
 #include <ac_nonexistent.h>
                            ^
compilation terminated.
configure:7635: $? = 1
configure: failed program was:
| /* confdefs.h */
| #define PACKAGE_NAME "ArrayUDF"
| #define PACKAGE_TARNAME "arrayudf"
| #define PACKAGE_VERSION "0.0.1"
| #define PACKAGE_STRING "ArrayUDF 0.0.1"
| #define PACKAGE_BUGREPORT "dbin@lbl.gov"
| #define PACKAGE_URL ""
| #define PACKAGE "arrayudf"
| #define VERSION "0.0.1"
| /* end confdefs.h.  */
| #include <ac_nonexistent.h>
configure:7660: result: /Users/dbin/work/soft/mpich-3.2/build/bin/mpicc -E
configure:7680: /Users/dbin/work/soft/mpich-3.2/build/bin/mpicc -E  conftest.c
configure:7680: $? = 0
configure:7694: /Users/dbin/work/soft/mpich-3.2/build/bin/mpicc -E  conftest.c
conftest.c:11:28: fatal error: ac_nonexistent.h: No such file or directory
 #include <ac_nonexistent.h>
                            ^
compilation terminated.
configure:7694: $? = 1
configure: failed program was:
| /* confdefs.h */
| #define PACKAGE_NAME "ArrayUDF"
| #define PACKAGE_TARNAME "arrayudf"
| #define PACKAGE_VERSION "0.0.1"
| #define PACKAGE_STRING "ArrayUDF 0.0.1"
| #define PACKAGE_BUGREPORT "dbin@lbl.gov"
| #define PACKAGE_URL ""
| #define PACKAGE "arrayudf"
| #define VERSION "0.0.1"
| /* end confdefs.h.  */
| #include <ac_nonexistent.h>
configure:7723: checking for ANSI C header files
configure:7743: /Users/dbin/work/soft/mpich-3.2/build/bin/mpicc -c -g -O2  conftest.c >&5
configure:7743: $? = 0
configure:7816: /Users/dbin/work/soft/mpich-3.2/build/bin/mpicc -o conftest -g -O2   conftest.c  >&5
configure:7816: $? = 0
configure:7816: ./conftest
configure:7816: $? = 0
configure:7827: result: yes
configure:7840: checking for sys/types.h
configure:7840: /Users/dbin/work/soft/mpich-3.2/build/bin/mpicc -c -g -O2  conftest.c >&5
configure:7840: $? = 0
configure:7840: result: yes
configure:7840: checking for sys/stat.h
configure:7840: /Users/dbin/work/soft/mpich-3.2/build/bin/mpicc -c -g -O2  conftest.c >&5
configure:7840: $? = 0
configure:7840: result: yes
configure:7840: checking for stdlib.h
configure:7840: /Users/dbin/work/soft/mpich-3.2/build/bin/mpicc -c -g -O2  conftest.c >&5
configure:7840: $? = 0
configure:7840: result: yes
configure:7840: checking for string.h
configure:7840: /Users/dbin/work/soft/mpich-3.2/build/bin/mpicc -c -g -O2  conftest.c >&5
configure:7840: $? = 0
configure:7840: result: yes
configure:7840: checking for memory.h
configure:7840: /Users/dbin/work/soft/mpich-3.2/build/bin/mpicc -c -g -O2  conftest.c >&5
configure:7840: $? = 0
configure:7840: result: yes
configure:7840: checking for strings.h
configure:7840: /Users/dbin/work/soft/mpich-3.2/build/bin/mpicc -c -g -O2  conftest.c >&5
configure:7840: $? = 0
configure:7840: result: yes
configure:7840: checking for inttypes.h
configure:7840: /Users/dbin/work/soft/mpich-3.2/build/bin/mpicc -c -g -O2  conftest.c >&5
configure:7840: $? = 0
configure:7840: result: yes
configure:7840: checking for stdint.h
configure:7840: /Users/dbin/work/soft/mpich-3.2/build/bin/mpicc -c -g -O2  conftest.c >&5
configure:7840: $? = 0
configure:7840: result: yes
configure:7840: checking for unistd.h
configure:7840: /Users/dbin/work/soft/mpich-3.2/build/bin/mpicc -c -g -O2  conftest.c >&5
configure:7840: $? = 0
configure:7840: result: yes
configure:7854: checking for dlfcn.h
configure:7854: /Users/dbin/work/soft/mpich-3.2/build/bin/mpicc -c -g -O2  conftest.c >&5
configure:7854: $? = 0
configure:7854: result: yes
configure:8110: checking for objdir
configure:8125: result: .libs
configure:8389: checking if /Users/dbin/work/soft/mpich-3.2/build/bin/mpicc supports -fno-rtti -fno-exceptions
configure:8407: /Users/dbin/work/soft/mpich-3.2/build/bin/mpicc -c -g -O2  -fno-rtti -fno-exceptions conftest.c >&5
cc1: warning: command line option '-fno-rtti' is valid for C++/ObjC++ but not for C
configure:8411: $? = 0
configure:8424: result: no
configure:8782: checking for /Users/dbin/work/soft/mpich-3.2/build/bin/mpicc option to produce PIC
configure:8789: result: -fno-common -DPIC
configure:8797: checking if /Users/dbin/work/soft/mpich-3.2/build/bin/mpicc PIC flag -fno-common -DPIC works
configure:8815: /Users/dbin/work/soft/mpich-3.2/build/bin/mpicc -c -g -O2  -fno-common -DPIC -DPIC conftest.c >&5
configure:8819: $? = 0
configure:8832: result: yes
configure:8861: checking if /Users/dbin/work/soft/mpich-3.2/build/bin/mpicc static flag -static works
configure:8889: result: no
configure:8904: checking if /Users/dbin/work/soft/mpich-3.2/build/bin/mpicc supports -c -o file.o
configure:8925: /Users/dbin/work/soft/mpich-3.2/build/bin/mpicc -c -g -O2  -o out/conftest2.o conftest.c >&5
configure:8929: $? = 0
configure:8951: result: yes
configure:8959: checking if /Users/dbin/work/soft/mpich-3.2/build/bin/mpicc supports -c -o file.o
configure:9006: result: yes
configure:9039: checking whether the /Users/dbin/work/soft/mpich-3.2/build/bin/mpicc linker (/opt/local/bin/ld) supports shared libraries
configure:10298: result: yes
configure:10538: checking dynamic linker characteristics
configure:11356: result: darwin15.6.0 dyld
configure:11478: checking how to hardcode library paths into programs
configure:11503: result: immediate
configure:12051: checking whether stripping libraries is possible
configure:12065: result: yes
configure:12091: checking if libtool supports shared libraries
configure:12093: result: yes
configure:12096: checking whether to build shared libraries
configure:12121: result: yes
configure:12124: checking whether to build static libraries
configure:12128: result: yes
configure:12279: checking for C++ compiler version
configure:12288: /Users/dbin/work/soft/mpich-3.2/build/bin/mpic++ --version >&5
g++ (MacPorts gcc49 4.9.4_3) 4.9.4
Copyright (C) 2015 Free Software Foundation, Inc.
This is free software; see the source for copying conditions.  There is NO
warranty; not even for MERCHANTABILITY or FITNESS FOR A PARTICULAR PURPOSE.

configure:12299: $? = 0
configure:12288: /Users/dbin/work/soft/mpich-3.2/build/bin/mpic++ -v >&5
mpicxx for MPICH version 3.2
Using built-in specs.
COLLECT_GCC=g++
COLLECT_LTO_WRAPPER=/opt/local/libexec/gcc/x86_64-apple-darwin15/4.9.4/lto-wrapper
Target: x86_64-apple-darwin15
Configured with: /opt/local/var/macports/build/_opt_bblocal_var_buildworker_ports_build_ports_lang_gcc49/gcc49/work/gcc-4.9.4/configure --prefix=/opt/local --build=x86_64-apple-darwin15 --enable-languages=c,c++,objc,obj-c++,lto,fortran,java --libdir=/opt/local/lib/gcc49 --includedir=/opt/local/include/gcc49 --infodir=/opt/local/share/info --mandir=/opt/local/share/man --datarootdir=/opt/local/share/gcc-4.9 --with-local-prefix=/opt/local --with-system-zlib --disable-nls --program-suffix=-mp-4.9 --with-gxx-include-dir=/opt/local/include/gcc49/c++/ --with-gmp=/opt/local --with-mpfr=/opt/local --with-mpc=/opt/local --with-isl=/opt/local --disable-isl-version-check --with-cloog=/opt/local --disable-cloog-version-check --enable-stage1-checking --disable-multilib --enable-lto --enable-libstdcxx-time --with-build-config=bootstrap-debug --with-as=/opt/local/bin/as --with-ld=/opt/local/bin/ld --with-ar=/opt/local/bin/ar --with-bugurl=https://trac.macports.org/newticket --disable-tls --with-pkgversion='MacPorts gcc49 4.9.4_3' --with-build-config=bootstrap-debug
Thread model: posix
gcc version 4.9.4 (MacPorts gcc49 4.9.4_3) 
configure:12299: $? = 0
configure:12288: /Users/dbin/work/soft/mpich-3.2/build/bin/mpic++ -V >&5
g++: error: unrecognized command line option '-V'
configure:12299: $? = 1
configure:12288: /Users/dbin/work/soft/mpich-3.2/build/bin/mpic++ -qversion >&5
g++: error: unrecognized command line option '-qversion'
configure:12299: $? = 1
configure:12303: checking whether we are using the GNU C++ compiler
configure:12322: /Users/dbin/work/soft/mpich-3.2/build/bin/mpic++ -c   conftest.cpp >&5
configure:12322: $? = 0
configure:12331: result: yes
configure:12340: checking whether /Users/dbin/work/soft/mpich-3.2/build/bin/mpic++ accepts -g
configure:12360: /Users/dbin/work/soft/mpich-3.2/build/bin/mpic++ -c -g  conftest.cpp >&5
configure:12360: $? = 0
configure:12401: result: yes
configure:12426: checking dependency style of /Users/dbin/work/soft/mpich-3.2/build/bin/mpic++
configure:12537: result: gcc3
configure:12570: checking how to run the C++ preprocessor
configure:12597: /Users/dbin/work/soft/mpich-3.2/build/bin/mpic++ -E  conftest.cpp
configure:12597: $? = 0
configure:12611: /Users/dbin/work/soft/mpich-3.2/build/bin/mpic++ -E  conftest.cpp
conftest.cpp:23:28: fatal error: ac_nonexistent.h: No such file or directory
 #include <ac_nonexistent.h>
                            ^
compilation terminated.
configure:12611: $? = 1
configure: failed program was:
| /* confdefs.h */
| #define PACKAGE_NAME "ArrayUDF"
| #define PACKAGE_TARNAME "arrayudf"
| #define PACKAGE_VERSION "0.0.1"
| #define PACKAGE_STRING "ArrayUDF 0.0.1"
| #define PACKAGE_BUGREPORT "dbin@lbl.gov"
| #define PACKAGE_URL ""
| #define PACKAGE "arrayudf"
| #define VERSION "0.0.1"
| #define STDC_HEADERS 1
| #define HAVE_SYS_TYPES_H 1
| #define HAVE_SYS_STAT_H 1
| #define HAVE_STDLIB_H 1
| #define HAVE_STRING_H 1
| #define HAVE_MEMORY_H 1
| #define HAVE_STRINGS_H 1
| #define HAVE_INTTYPES_H 1
| #define HAVE_STDINT_H 1
| #define HAVE_UNISTD_H 1
| #define HAVE_DLFCN_H 1
| #define LT_OBJDIR ".libs/"
| /* end confdefs.h.  */
| #include <ac_nonexistent.h>
configure:12636: result: /Users/dbin/work/soft/mpich-3.2/build/bin/mpic++ -E
configure:12656: /Users/dbin/work/soft/mpich-3.2/build/bin/mpic++ -E  conftest.cpp
configure:12656: $? = 0
configure:12670: /Users/dbin/work/soft/mpich-3.2/build/bin/mpic++ -E  conftest.cpp
conftest.cpp:23:28: fatal error: ac_nonexistent.h: No such file or directory
 #include <ac_nonexistent.h>
                            ^
compilation terminated.
configure:12670: $? = 1
configure: failed program was:
| /* confdefs.h */
| #define PACKAGE_NAME "ArrayUDF"
| #define PACKAGE_TARNAME "arrayudf"
| #define PACKAGE_VERSION "0.0.1"
| #define PACKAGE_STRING "ArrayUDF 0.0.1"
| #define PACKAGE_BUGREPORT "dbin@lbl.gov"
| #define PACKAGE_URL ""
| #define PACKAGE "arrayudf"
| #define VERSION "0.0.1"
| #define STDC_HEADERS 1
| #define HAVE_SYS_TYPES_H 1
| #define HAVE_SYS_STAT_H 1
| #define HAVE_STDLIB_H 1
| #define HAVE_STRING_H 1
| #define HAVE_MEMORY_H 1
| #define HAVE_STRINGS_H 1
| #define HAVE_INTTYPES_H 1
| #define HAVE_STDINT_H 1
| #define HAVE_UNISTD_H 1
| #define HAVE_DLFCN_H 1
| #define LT_OBJDIR ".libs/"
| /* end confdefs.h.  */
| #include <ac_nonexistent.h>
configure:12832: checking for ld used by /Users/dbin/work/soft/mpich-3.2/build/bin/mpic++
configure:12899: result: /opt/local/bin/ld
configure:12906: checking if the linker (/opt/local/bin/ld) is GNU ld
configure:12921: result: no
configure:12976: checking whether the /Users/dbin/work/soft/mpich-3.2/build/bin/mpic++ linker (/opt/local/bin/ld) supports shared libraries
configure:14049: result: yes
configure:14085: /Users/dbin/work/soft/mpich-3.2/build/bin/mpic++ -c -g -O2  conftest.cpp >&5
configure:14088: $? = 0
configure:14569: checking for /Users/dbin/work/soft/mpich-3.2/build/bin/mpic++ option to produce PIC
configure:14576: result: -fno-common -DPIC
configure:14584: checking if /Users/dbin/work/soft/mpich-3.2/build/bin/mpic++ PIC flag -fno-common -DPIC works
configure:14602: /Users/dbin/work/soft/mpich-3.2/build/bin/mpic++ -c -g -O2  -fno-common -DPIC -DPIC conftest.cpp >&5
configure:14606: $? = 0
configure:14619: result: yes
configure:14642: checking if /Users/dbin/work/soft/mpich-3.2/build/bin/mpic++ static flag -static works
configure:14670: result: no
configure:14682: checking if /Users/dbin/work/soft/mpich-3.2/build/bin/mpic++ supports -c -o file.o
configure:14703: /Users/dbin/work/soft/mpich-3.2/build/bin/mpic++ -c -g -O2  -o out/conftest2.o conftest.cpp >&5
configure:14707: $? = 0
configure:14729: result: yes
configure:14734: checking if /Users/dbin/work/soft/mpich-3.2/build/bin/mpic++ supports -c -o file.o
configure:14781: result: yes
configure:14811: checking whether the /Users/dbin/work/soft/mpich-3.2/build/bin/mpic++ linker (/opt/local/bin/ld) supports shared libraries
configure:14851: result: yes
configure:14992: checking dynamic linker characteristics
configure:15737: result: darwin15.6.0 dyld
configure:15802: checking how to hardcode library paths into programs
configure:15827: result: immediate
configure:15915: checking for gcc
configure:15942: result: /Users/dbin/work/soft/mpich-3.2/build/bin/mpicc
configure:16171: checking for C compiler version
configure:16180: /Users/dbin/work/soft/mpich-3.2/build/bin/mpicc --version >&5
gcc (MacPorts gcc49 4.9.4_3) 4.9.4
Copyright (C) 2015 Free Software Foundation, Inc.
This is free software; see the source for copying conditions.  There is NO
warranty; not even for MERCHANTABILITY or FITNESS FOR A PARTICULAR PURPOSE.

configure:16191: $? = 0
configure:16180: /Users/dbin/work/soft/mpich-3.2/build/bin/mpicc -v >&5
mpicc for MPICH version 3.2
Using built-in specs.
COLLECT_GCC=gcc
COLLECT_LTO_WRAPPER=/opt/local/libexec/gcc/x86_64-apple-darwin15/4.9.4/lto-wrapper
Target: x86_64-apple-darwin15
Configured with: /opt/local/var/macports/build/_opt_bblocal_var_buildworker_ports_build_ports_lang_gcc49/gcc49/work/gcc-4.9.4/configure --prefix=/opt/local --build=x86_64-apple-darwin15 --enable-languages=c,c++,objc,obj-c++,lto,fortran,java --libdir=/opt/local/lib/gcc49 --includedir=/opt/local/include/gcc49 --infodir=/opt/local/share/info --mandir=/opt/local/share/man --datarootdir=/opt/local/share/gcc-4.9 --with-local-prefix=/opt/local --with-system-zlib --disable-nls --program-suffix=-mp-4.9 --with-gxx-include-dir=/opt/local/include/gcc49/c++/ --with-gmp=/opt/local --with-mpfr=/opt/local --with-mpc=/opt/local --with-isl=/opt/local --disable-isl-version-check --with-cloog=/opt/local --disable-cloog-version-check --enable-stage1-checking --disable-multilib --enable-lto --enable-libstdcxx-time --with-build-config=bootstrap-debug --with-as=/opt/local/bin/as --with-ld=/opt/local/bin/ld --with-ar=/opt/local/bin/ar --with-bugurl=https://trac.macports.org/newticket --disable-tls --with-pkgversion='MacPorts gcc49 4.9.4_3' --with-build-config=bootstrap-debug
Thread model: posix
gcc version 4.9.4 (MacPorts gcc49 4.9.4_3) 
configure:16191: $? = 0
configure:16180: /Users/dbin/work/soft/mpich-3.2/build/bin/mpicc -V >&5
gcc: error: unrecognized command line option '-V'
configure:16191: $? = 1
configure:16180: /Users/dbin/work/soft/mpich-3.2/build/bin/mpicc -qversion >&5
gcc: error: unrecognized command line option '-qversion'
configure:16191: $? = 1
configure:16195: checking whether we are using the GNU C compiler
configure:16223: result: yes
configure:16232: checking whether /Users/dbin/work/soft/mpich-3.2/build/bin/mpicc accepts -g
configure:16293: result: yes
configure:16310: checking for /Users/dbin/work/soft/mpich-3.2/build/bin/mpicc option to accept ISO C89
configure:16386: result: none needed
configure:16411: checking whether /Users/dbin/work/soft/mpich-3.2/build/bin/mpicc understands -c and -o together
configure:16448: result: yes
configure:16467: checking dependency style of /Users/dbin/work/soft/mpich-3.2/build/bin/mpicc
configure:16578: result: gcc3
configure:16601: checking for stdlib.h
configure:16601: result: yes
configure:16601: checking for string.h
configure:16601: result: yes
configure:16612: checking for stdbool.h that conforms to C99
configure:16679: /Users/dbin/work/soft/mpich-3.2/build/bin/mpicc -c -g -O2  conftest.c >&5
configure:16679: $? = 0
configure:16686: result: yes
configure:16688: checking for _Bool
configure:16688: /Users/dbin/work/soft/mpich-3.2/build/bin/mpicc -c -g -O2  conftest.c >&5
configure:16688: $? = 0
configure:16688: /Users/dbin/work/soft/mpich-3.2/build/bin/mpicc -c -g -O2  conftest.c >&5
conftest.c: In function 'main':
conftest.c:61:20: error: expected expression before ')' token
 if (sizeof ((_Bool)))
                    ^
configure:16688: $? = 1
configure: failed program was:
| /* confdefs.h */
| #define PACKAGE_NAME "ArrayUDF"
| #define PACKAGE_TARNAME "arrayudf"
| #define PACKAGE_VERSION "0.0.1"
| #define PACKAGE_STRING "ArrayUDF 0.0.1"
| #define PACKAGE_BUGREPORT "dbin@lbl.gov"
| #define PACKAGE_URL ""
| #define PACKAGE "arrayudf"
| #define VERSION "0.0.1"
| #define STDC_HEADERS 1
| #define HAVE_SYS_TYPES_H 1
| #define HAVE_SYS_STAT_H 1
| #define HAVE_STDLIB_H 1
| #define HAVE_STRING_H 1
| #define HAVE_MEMORY_H 1
| #define HAVE_STRINGS_H 1
| #define HAVE_INTTYPES_H 1
| #define HAVE_STDINT_H 1
| #define HAVE_UNISTD_H 1
| #define HAVE_DLFCN_H 1
| #define LT_OBJDIR ".libs/"
| #define HAVE_STDLIB_H 1
| #define HAVE_STRING_H 1
| /* end confdefs.h.  */
| #include <stdio.h>
| #ifdef HAVE_SYS_TYPES_H
| # include <sys/types.h>
| #endif
| #ifdef HAVE_SYS_STAT_H
| # include <sys/stat.h>
| #endif
| #ifdef STDC_HEADERS
| # include <stdlib.h>
| # include <stddef.h>
| #else
| # ifdef HAVE_STDLIB_H
| #  include <stdlib.h>
| # endif
| #endif
| #ifdef HAVE_STRING_H
| # if !defined STDC_HEADERS && defined HAVE_MEMORY_H
| #  include <memory.h>
| # endif
| # include <string.h>
| #endif
| #ifdef HAVE_STRINGS_H
| # include <strings.h>
| #endif
| #ifdef HAVE_INTTYPES_H
| # include <inttypes.h>
| #endif
| #ifdef HAVE_STDINT_H
| # include <stdint.h>
| #endif
| #ifdef HAVE_UNISTD_H
| # include <unistd.h>
| #endif
| int
| main ()
| {
| if (sizeof ((_Bool)))
| 	    return 0;
|   ;
|   return 0;
| }
configure:16688: result: yes
configure:16699: checking for inline
configure:16715: /Users/dbin/work/soft/mpich-3.2/build/bin/mpicc -c -g -O2  conftest.c >&5
configure:16715: $? = 0
configure:16723: result: inline
configure:16741: checking for size_t
configure:16741: /Users/dbin/work/soft/mpich-3.2/build/bin/mpicc -c -g -O2  conftest.c >&5
configure:16741: $? = 0
configure:16741: /Users/dbin/work/soft/mpich-3.2/build/bin/mpicc -c -g -O2  conftest.c >&5
conftest.c: In function 'main':
conftest.c:62:21: error: expected expression before ')' token
 if (sizeof ((size_t)))
                     ^
configure:16741: $? = 1
configure: failed program was:
| /* confdefs.h */
| #define PACKAGE_NAME "ArrayUDF"
| #define PACKAGE_TARNAME "arrayudf"
| #define PACKAGE_VERSION "0.0.1"
| #define PACKAGE_STRING "ArrayUDF 0.0.1"
| #define PACKAGE_BUGREPORT "dbin@lbl.gov"
| #define PACKAGE_URL ""
| #define PACKAGE "arrayudf"
| #define VERSION "0.0.1"
| #define STDC_HEADERS 1
| #define HAVE_SYS_TYPES_H 1
| #define HAVE_SYS_STAT_H 1
| #define HAVE_STDLIB_H 1
| #define HAVE_STRING_H 1
| #define HAVE_MEMORY_H 1
| #define HAVE_STRINGS_H 1
| #define HAVE_INTTYPES_H 1
| #define HAVE_STDINT_H 1
| #define HAVE_UNISTD_H 1
| #define HAVE_DLFCN_H 1
| #define LT_OBJDIR ".libs/"
| #define HAVE_STDLIB_H 1
| #define HAVE_STRING_H 1
| #define HAVE__BOOL 1
| /* end confdefs.h.  */
| #include <stdio.h>
| #ifdef HAVE_SYS_TYPES_H
| # include <sys/types.h>
| #endif
| #ifdef HAVE_SYS_STAT_H
| # include <sys/stat.h>
| #endif
| #ifdef STDC_HEADERS
| # include <stdlib.h>
| # include <stddef.h>
| #else
| # ifdef HAVE_STDLIB_H
| #  include <stdlib.h>
| # endif
| #endif
| #ifdef HAVE_STRING_H
| # if !defined STDC_HEADERS && defined HAVE_MEMORY_H
| #  include <memory.h>
| # endif
| # include <string.h>
| #endif
| #ifdef HAVE_STRINGS_H
| # include <strings.h>
| #endif
| #ifdef HAVE_INTTYPES_H
| # include <inttypes.h>
| #endif
| #ifdef HAVE_STDINT_H
| # include <stdint.h>
| #endif
| #ifdef HAVE_UNISTD_H
| # include <unistd.h>
| #endif
| int
| main ()
| {
| if (sizeof ((size_t)))
| 	    return 0;
|   ;
|   return 0;
| }
configure:16741: result: yes
configure:16756: checking for stdlib.h
configure:16756: result: yes
configure:16766: checking for GNU libc compatible malloc
configure:16790: /Users/dbin/work/soft/mpich-3.2/build/bin/mpicc -o conftest -g -O2   conftest.c  >&5
configure:16790: $? = 0
configure:16790: ./conftest
configure:16790: $? = 0
configure:16800: result: yes
configure:16839: checking for HDF5 at /Users/dbin/work/soft/hdf5-1.10.3/build/
configure:16845: result: yes
configure:17285: checking whether to enable OpenMP
configure:17291: result: no
configure:17431: checking that generated files are newer than configure
configure:17437: result: done
configure:17480: creating ./config.status

## ---------------------- ##
## Running config.status. ##
## ---------------------- ##

This file was extended by ArrayUDF config.status 0.0.1, which was
generated by GNU Autoconf 2.69.  Invocation command line was

  CONFIG_FILES    = 
  CONFIG_HEADERS  = 
  CONFIG_LINKS    = 
  CONFIG_COMMANDS = 
  $ ./config.status 

on dbinMac

config.status:1175: creating Makefile
config.status:1175: creating src/Makefile
config.status:1175: creating examples/Makefile
config.status:1175: creating config.h
config.status:1356: config.h is unchanged
config.status:1404: executing depfiles commands
config.status:1481: cd src       && sed -e '/# am--include-marker/d' Makefile         | make -f - am--depfiles
make: Nothing to be done for `am--depfiles'.
config.status:1486: $? = 0
config.status:1481: cd examples       && sed -e '/# am--include-marker/d' Makefile         | make -f - am--depfiles
make: Nothing to be done for `am--depfiles'.
config.status:1486: $? = 0
config.status:1404: executing libtool commands

## ---------------- ##
## Cache variables. ##
## ---------------- ##

ac_cv_build=x86_64-apple-darwin15.6.0
ac_cv_c_compiler_gnu=yes
ac_cv_c_inline=inline
ac_cv_cxx_compiler_gnu=yes
ac_cv_env_CCC_set=
ac_cv_env_CCC_value=
ac_cv_env_CC_set=set
ac_cv_env_CC_value=/Users/dbin/work/soft/mpich-3.2/build/bin/mpicc
ac_cv_env_CFLAGS_set=
ac_cv_env_CFLAGS_value=
ac_cv_env_CPPFLAGS_set=
ac_cv_env_CPPFLAGS_value=
ac_cv_env_CPP_set=
ac_cv_env_CPP_value=
ac_cv_env_CXXCPP_set=
ac_cv_env_CXXCPP_value=
ac_cv_env_CXXFLAGS_set=
ac_cv_env_CXXFLAGS_value=
ac_cv_env_CXX_set=set
ac_cv_env_CXX_value=/Users/dbin/work/soft/mpich-3.2/build/bin/mpic++
ac_cv_env_LDFLAGS_set=
ac_cv_env_LDFLAGS_value=
ac_cv_env_LIBS_set=
ac_cv_env_LIBS_value=
ac_cv_env_LT_SYS_LIBRARY_PATH_set=
ac_cv_env_LT_SYS_LIBRARY_PATH_value=
ac_cv_env_PYTHON_set=
ac_cv_env_PYTHON_value=
ac_cv_env_SWIGCC_set=
ac_cv_env_SWIGCC_value=
ac_cv_env_build_alias_set=
ac_cv_env_build_alias_value=
ac_cv_env_host_alias_set=
ac_cv_env_host_alias_value=
ac_cv_env_target_alias_set=
ac_cv_env_target_alias_value=
ac_cv_func_malloc_0_nonnull=yes
ac_cv_header_dlfcn_h=yes
ac_cv_header_inttypes_h=yes
ac_cv_header_memory_h=yes
ac_cv_header_stdbool_h=yes
ac_cv_header_stdc=yes
ac_cv_header_stdint_h=yes
ac_cv_header_stdlib_h=yes
ac_cv_header_string_h=yes
ac_cv_header_strings_h=yes
ac_cv_header_sys_stat_h=yes
ac_cv_header_sys_types_h=yes
ac_cv_header_unistd_h=yes
ac_cv_host=x86_64-apple-darwin15.6.0
ac_cv_objext=o
ac_cv_path_EGREP='/usr/bin/grep -E'
ac_cv_path_FGREP='/usr/bin/grep -F'
ac_cv_path_GREP=/usr/bin/grep
ac_cv_path_SED=/usr/bin/sed
ac_cv_path_install='/usr/bin/install -c'
ac_cv_path_lt_DD=/bin/dd
ac_cv_prog_AWK=awk
ac_cv_prog_CPP='/Users/dbin/work/soft/mpich-3.2/build/bin/mpicc -E'
ac_cv_prog_CXXCPP='/Users/dbin/work/soft/mpich-3.2/build/bin/mpic++ -E'
ac_cv_prog_ac_ct_AR=ar
ac_cv_prog_ac_ct_CC=/Users/dbin/work/soft/mpich-3.2/build/bin/mpicc
ac_cv_prog_ac_ct_DSYMUTIL=dsymutil
ac_cv_prog_ac_ct_LIPO=lipo
ac_cv_prog_ac_ct_NMEDIT=nmedit
ac_cv_prog_ac_ct_OTOOL=otool
ac_cv_prog_ac_ct_RANLIB=ranlib
ac_cv_prog_ac_ct_STRIP=strip
ac_cv_prog_cc_c89=
ac_cv_prog_cc_g=yes
ac_cv_prog_cxx_g=yes
ac_cv_prog_make_make_set=yes
ac_cv_type__Bool=yes
ac_cv_type_size_t=yes
am_cv_CC_dependencies_compiler_type=gcc3
am_cv_CXX_dependencies_compiler_type=gcc3
am_cv_make_support_nested_variables=yes
am_cv_prog_cc_c_o=yes
lt_cv_apple_cc_single_mod=yes
lt_cv_ar_at_file=no
lt_cv_deplibs_check_method=pass_all
lt_cv_file_magic_cmd='$MAGIC_CMD'
lt_cv_file_magic_test_file=
lt_cv_ld_exported_symbols_list=yes
lt_cv_ld_force_load=yes
lt_cv_ld_reload_flag=-r
lt_cv_nm_interface='BSD nm'
lt_cv_objdir=.libs
lt_cv_path_LD=/opt/local/bin/ld
lt_cv_path_LDCXX=/opt/local/bin/ld
lt_cv_path_NM='/opt/local/bin//nm -B'
lt_cv_path_mainfest_tool=no
lt_cv_prog_compiler_c_o=yes
lt_cv_prog_compiler_c_o_CXX=yes
lt_cv_prog_compiler_pic='-fno-common -DPIC'
lt_cv_prog_compiler_pic_CXX='-fno-common -DPIC'
lt_cv_prog_compiler_pic_works=yes
lt_cv_prog_compiler_pic_works_CXX=yes
lt_cv_prog_compiler_rtti_exceptions=no
lt_cv_prog_compiler_static_works=no
lt_cv_prog_compiler_static_works_CXX=no
lt_cv_prog_gnu_ld=no
lt_cv_prog_gnu_ldcxx=no
lt_cv_sharedlib_from_linklib_cmd='printf %s\n'
lt_cv_sys_global_symbol_pipe='sed -n -e '\''s/^.*[	 ]\([BCDEGRST][BCDEGRST]*\)[	 ][	 ]*_\([_A-Za-z][_A-Za-z0-9]*\)$/\1 _\2 \2/p'\'' | sed '\''/ __gnu_lto/d'\'''
lt_cv_sys_global_symbol_to_c_name_address='sed -n -e '\''s/^: \(.*\) .*$/  {"\1", (void *) 0},/p'\'' -e '\''s/^[BCDEGRST][BCDEGRST]* .* \(.*\)$/  {"\1", (void *) \&\1},/p'\'''
lt_cv_sys_global_symbol_to_c_name_address_lib_prefix='sed -n -e '\''s/^: \(.*\) .*$/  {"\1", (void *) 0},/p'\'' -e '\''s/^[BCDEGRST][BCDEGRST]* .* \(lib.*\)$/  {"\1", (void *) \&\1},/p'\'' -e '\''s/^[BCDEGRST][BCDEGRST]* .* \(.*\)$/  {"lib\1", (void *) \&\1},/p'\'''
lt_cv_sys_global_symbol_to_cdecl='sed -n -e '\''s/^T .* \(.*\)$/extern int \1();/p'\'' -e '\''s/^[BCDEGRST][BCDEGRST]* .* \(.*\)$/extern char \1;/p'\'''
lt_cv_sys_global_symbol_to_import=
lt_cv_sys_max_cmd_len=196608
lt_cv_to_host_file_cmd=func_convert_file_noop
lt_cv_to_tool_file_cmd=func_convert_file_noop
lt_cv_truncate_bin='/bin/dd bs=4096 count=1'

## ----------------- ##
## Output variables. ##
## ----------------- ##

ACLOCAL='${SHELL} /Users/dbin/work/arrayudf-git-svn-test-on-bitbucket/missing aclocal-1.16'
AMDEPBACKSLASH='\'
AMDEP_FALSE='#'
AMDEP_TRUE=''
AMTAR='$${TAR-tar}'
AM_BACKSLASH='\'
AM_DEFAULT_V='$(AM_DEFAULT_VERBOSITY)'
AM_DEFAULT_VERBOSITY='1'
AM_V='$(V)'
AR='ar'
ARRAYUDF_CFLAGS='       -I/Users/dbin/work/soft/hdf5-1.10.3/build//include'
ARRAYUDF_CPPFLAGS='   -I/Users/dbin/work/soft/hdf5-1.10.3/build//include'
ARRAYUDF_CXXFLAGS=''
ARRAYUDF_LDFLAGS=''
ARRAYUDF_LIBS='           -L/Users/dbin/work/soft/hdf5-1.10.3/build//lib -lhdf5 -lhdf5_hl -lz'
ARRAY_UDF_PYTHON_ENABLED='false'
AUPY_CFLAGS=''
AUPY_CPPFLAGS=''
AUPY_LIBS=''
AUTOCONF='${SHELL} /Users/dbin/work/arrayudf-git-svn-test-on-bitbucket/missing autoconf'
AUTOHEADER='${SHELL} /Users/dbin/work/arrayudf-git-svn-test-on-bitbucket/missing autoheader'
AUTOMAKE='${SHELL} /Users/dbin/work/arrayudf-git-svn-test-on-bitbucket/missing automake-1.16'
AWK='awk'
BUILD_PYTHON_FALSE=''
BUILD_PYTHON_TRUE='#'
CC='/Users/dbin/work/soft/mpich-3.2/build/bin/mpicc'
CCDEPMODE='depmode=gcc3'
CFLAGS='-g -O2'
CPP='/Users/dbin/work/soft/mpich-3.2/build/bin/mpicc -E'
CPPFLAGS=''
CXX='/Users/dbin/work/soft/mpich-3.2/build/bin/mpic++'
CXXCPP='/Users/dbin/work/soft/mpich-3.2/build/bin/mpic++ -E'
CXXDEPMODE='depmode=gcc3'
CXXFLAGS='-g -O2'
CYGPATH_W='echo'
DEBUG_FALSE='#'
DEBUG_TRUE=''
DEFS='-DHAVE_CONFIG_H'
DEPDIR='.deps'
DLLTOOL='false'
DSYMUTIL='dsymutil'
DUMPBIN=''
ECHO_C='\c'
ECHO_N=''
ECHO_T=''
EGREP='/usr/bin/grep -E'
EXEEXT=''
FGREP='/usr/bin/grep -F'
GREP='/usr/bin/grep'
INSTALL_DATA='${INSTALL} -m 644'
INSTALL_PROGRAM='${INSTALL}'
INSTALL_SCRIPT='${INSTALL}'
INSTALL_STRIP_PROGRAM='$(install_sh) -c -s'
LD='/opt/local/bin/ld'
LDFLAGS=''
LIBOBJS=''
LIBS=''
LIBTOOL='$(SHELL) $(top_builddir)/libtool'
LIPO='lipo'
LN_S='ln -s'
LTLIBOBJS=''
LT_SYS_LIBRARY_PATH=''
MAKEINFO='${SHELL} /Users/dbin/work/arrayudf-git-svn-test-on-bitbucket/missing makeinfo'
MANIFEST_TOOL=':'
MKDIR_P='./install-sh -c -d'
NM='/opt/local/bin//nm -B'
NMEDIT='nmedit'
OBJDUMP='false'
OBJEXT='o'
OPENMP_FALSE='#'
OPENMP_TRUE=''
OTOOL64=':'
OTOOL='otool'
PACKAGE='arrayudf'
PACKAGE_BUGREPORT='dbin@lbl.gov'
PACKAGE_NAME='ArrayUDF'
PACKAGE_STRING='ArrayUDF 0.0.1'
PACKAGE_TARNAME='arrayudf'
PACKAGE_URL=''
PACKAGE_VERSION='0.0.1'
PATH_SEPARATOR=':'
PYTHON=''
PYTHON_EXEC_PREFIX=''
PYTHON_PLATFORM=''
PYTHON_PREFIX=''
PYTHON_VERSION=''
RANLIB='ranlib'
SED='/usr/bin/sed'
SET_MAKE=''
SHELL='/bin/sh'
STRIP='strip'
SWIGCC=''
VERSION='0.0.1'
ac_ct_AR='ar'
ac_ct_CC='/Users/dbin/work/soft/mpich-3.2/build/bin/mpicc'
ac_ct_CXX=''
ac_ct_DUMPBIN=''
am__EXEEXT_FALSE=''
am__EXEEXT_TRUE='#'
am__fastdepCC_FALSE='#'
am__fastdepCC_TRUE=''
am__fastdepCXX_FALSE='#'
am__fastdepCXX_TRUE=''
am__include='include'
am__isrc=''
am__leading_dot='.'
am__nodep='_no'
am__quote=''
am__tar='$${TAR-tar} chof - "$$tardir"'
am__untar='$${TAR-tar} xf -'
bindir='${exec_prefix}/bin'
build='x86_64-apple-darwin15.6.0'
build_alias=''
build_cpu='x86_64'
build_os='darwin15.6.0'
build_vendor='apple'
datadir='${datarootdir}'
datarootdir='${prefix}/share'
docdir='${datarootdir}/doc/${PACKAGE_TARNAME}'
dvidir='${docdir}'
exec_prefix='${prefix}'
host='x86_64-apple-darwin15.6.0'
host_alias=''
host_cpu='x86_64'
host_os='darwin15.6.0'
host_vendor='apple'
htmldir='${docdir}'
includedir='${prefix}/include'
infodir='${datarootdir}/info'
install_sh='${SHELL} /Users/dbin/work/arrayudf-git-svn-test-on-bitbucket/install-sh'
libdir='${exec_prefix}/lib'
libexecdir='${exec_prefix}/libexec'
localedir='${datarootdir}/locale'
localstatedir='${prefix}/var'
mandir='${datarootdir}/man'
mkdir_p='$(MKDIR_P)'
oldincludedir='/usr/include'
pdfdir='${docdir}'
pkgpyexecdir=''
pkgpythondir=''
prefix='/Users/dbin/work/arrayudf-git-svn-test-on-bitbucket/build'
program_transform_name='s,x,x,'
psdir='${docdir}'
pyexecdir=''
pythondir=''
sbindir='${exec_prefix}/sbin'
sharedstatedir='${prefix}/com'
sysconfdir='${prefix}/etc'
target_alias=''

## ----------- ##
## confdefs.h. ##
## ----------- ##

/* confdefs.h */
#define PACKAGE_NAME "ArrayUDF"
#define PACKAGE_TARNAME "arrayudf"
#define PACKAGE_VERSION "0.0.1"
#define PACKAGE_STRING "ArrayUDF 0.0.1"
#define PACKAGE_BUGREPORT "dbin@lbl.gov"
#define PACKAGE_URL ""
#define PACKAGE "arrayudf"
#define VERSION "0.0.1"
#define STDC_HEADERS 1
#define HAVE_SYS_TYPES_H 1
#define HAVE_SYS_STAT_H 1
#define HAVE_STDLIB_H 1
#define HAVE_STRING_H 1
#define HAVE_MEMORY_H 1
#define HAVE_STRINGS_H 1
#define HAVE_INTTYPES_H 1
#define HAVE_STDINT_H 1
#define HAVE_UNISTD_H 1
#define HAVE_DLFCN_H 1
#define LT_OBJDIR ".libs/"
#define HAVE_STDLIB_H 1
#define HAVE_STRING_H 1
#define HAVE__BOOL 1
#define HAVE_STDLIB_H 1
#define HAVE_MALLOC 1

configure: exit 0
